<?xml version="1.0" encoding="UTF-8"?>
<!-- Generated by org.testng.reporters.JUnitReportReporter -->
<testsuite hostname="DESKTOP-SLBJURD" failures="0" tests="1" name="test.validate" time="9.766" errors="0" timestamp="2024-12-15T17:58:14 IST" skipped="0">
  <testcase classname="test.validate" name="validateUrl" time="9.766"/>
</testsuite> <!-- test.validate -->
