<?xml version="1.0" encoding="UTF-8"?>
<!-- Generated by org.testng.reporters.JUnitReportReporter -->
<testsuite hostname="DESKTOP-SLBJURD" failures="0" tests="1" name="test.ValidateBottom" time="18.684" errors="0" timestamp="2024-12-15T18:02:08 IST" skipped="0">
  <testcase classname="test.ValidateBottom" name="bottomLinkTest" time="18.684"/>
</testsuite> <!-- test.ValidateBottom -->
