<?xml version="1.0" encoding="UTF-8"?>
<!-- Generated by org.testng.reporters.JUnitReportReporter -->
<testsuite hostname="DESKTOP-SLBJURD" failures="0" tests="1" name="test.navigatetobestbuy" time="0.547" errors="0" timestamp="2024-12-15T17:57:36 IST" skipped="0">
  <testcase classname="test.navigatetobestbuy" name="navigate" time="0.547"/>
</testsuite> <!-- test.navigatetobestbuy -->
